<?xml version="1.0" encoding="UTF-8"?>
<testsuite xmlns:xsi="http://www.w3.org/2001/XMLSchema-instance" xsi:noNamespaceSchemaLocation="https://maven.apache.org/surefire/maven-surefire-plugin/xsd/surefire-test-report-3.0.xsd" version="3.0" name="adt.linkedList.StudentDoubleLinkedListTest" time="0.114" tests="9" errors="0" skipped="0" failures="0">
  <properties>
[...]
</properties>
  <testcase name="testRemoveFirst" classname="adt.linkedList.StudentDoubleLinkedListTest" time="0.013"/>
  <testcase name="testInsertFirst" classname="adt.linkedList.StudentDoubleLinkedListTest" time="0.0"/>
  <testcase name="testRemoveLast" classname="adt.linkedList.StudentDoubleLinkedListTest" time="0.0"/>
  <testcase name="testToArray" classname="adt.linkedList.StudentDoubleLinkedListTest" time="0.0"/>
  <testcase name="testSize" classname="adt.linkedList.StudentDoubleLinkedListTest" time="0.0"/>
  <testcase name="testInsert" classname="adt.linkedList.StudentDoubleLinkedListTest" time="0.0"/>
  <testcase name="testIsEmpty" classname="adt.linkedList.StudentDoubleLinkedListTest" time="0.0"/>
  <testcase name="testRemove" classname="adt.linkedList.StudentDoubleLinkedListTest" time="0.0"/>
  <testcase name="testSearch" classname="adt.linkedList.StudentDoubleLinkedListTest" time="0.0"/>
</testsuite>